2025-12-24 20:05:19 - points_processor - INFO - Логирование настроено с уровнем INFO
2025-12-24 20:05:19 - points_processor - INFO - ФУНКЦИЯ: main()
2025-12-24 20:05:19 - points_processor - INFO - ПОЛЬЗОВАТЕЛЬ: Показано главное меню
2025-12-24 20:05:31 - points_processor - INFO - ПОЛЬЗОВАТЕЛЬ: Выбор в главном меню: 5
2025-12-24 20:05:31 - points_processor - INFO - ПОЛЬЗОВАТЕЛЬ: Открыто управление логированием
2025-12-24 20:05:34 - points_processor - INFO - ПОЛЬЗОВАТЕЛЬ: Выбор уровня логирования: 5
2025-12-24 20:05:34 - points_processor - INFO - ПОЛЬЗОВАТЕЛЬ: Показано главное меню
2025-12-24 20:05:46 - points_processor - INFO - ПОЛЬЗОВАТЕЛЬ: Выбор в главном меню: 5
2025-12-24 20:05:46 - points_processor - INFO - ПОЛЬЗОВАТЕЛЬ: Открыто управление логированием
2025-12-24 20:05:51 - points_processor - INFO - ПОЛЬЗОВАТЕЛЬ: Выбор уровня логирования: 1
2025-12-24 20:05:51 - points_processor - INFO - Уровень логирования изменен на INFO
2025-12-24 20:05:51 - points_processor - INFO - ПОЛЬЗОВАТЕЛЬ: Показано главное меню
2025-12-24 20:11:53 - points_processor - INFO - ПОЛЬЗОВАТЕЛЬ: Выбор в главном меню: 5
2025-12-24 20:11:53 - points_processor - INFO - ПОЛЬЗОВАТЕЛЬ: Открыто управление логированием
2025-12-24 20:11:56 - points_processor - INFO - ПОЛЬЗОВАТЕЛЬ: Выбор уровня логирования: 3
2025-12-24 20:11:56 - points_processor - ERROR - Уровень логирования изменен на ERROR
2025-12-24 20:12:20 - points_processor - INFO - Уровень логирования изменен на INFO
2025-12-24 20:12:20 - points_processor - INFO - ПОЛЬЗОВАТЕЛЬ: Показано главное меню
2025-12-24 20:14:24 - points_processor - INFO - ПОЛЬЗОВАТЕЛЬ: Выбор в главном меню: 5
2025-12-24 20:14:24 - points_processor - INFO - ПОЛЬЗОВАТЕЛЬ: Открыто управление логированием
2025-12-24 20:14:27 - points_processor - INFO - ПОЛЬЗОВАТЕЛЬ: Выбор уровня логирования: 4
2025-12-24 20:14:27 - points_processor - CRITICAL - Уровень логирования изменен на CRITICAL. Логирование практически отключено.
2025-12-24 20:15:56 - points_processor - INFO - Уровень логирования изменен на INFO
2025-12-24 20:15:56 - points_processor - INFO - ПОЛЬЗОВАТЕЛЬ: Показано главное меню
2025-12-24 20:17:21 - points_processor - INFO - ПОЛЬЗОВАТЕЛЬ: Выбор в главном меню: 6
2025-12-24 20:17:21 - points_processor - INFO - ПОЛЬЗОВАТЕЛЬ: Выход из программы
2025-12-24 20:17:21 - points_processor - INFO - Программа завершена
