09:14:46 - 09:14:46 Сервер запущен на localhost:9090
09:17:06 - 09:17:06 Сервер остановлен
09:18:35 - 09:18:35 Сервер запущен на localhost:9090
09:21:17 - 09:21:17 Сервер запущен на localhost:9090
09:21:38 - 09:21:38 Сервер остановлен
09:22:29 - 09:22:29 Сервер запущен на localhost:9090
09:52:18 - 09:52:18 Сервер остановлен
14:29:54 - 14:29:54 Сервер запущен на localhost:9090
14:29:54 - 14:29:54 Сервер работает в одном потоке
14:29:54 - 14:29:54 Ожидание подключений клиентов...
14:31:20 - 14:31:20 Клиент1: подключился с адреса ('127.0.0.1', 50962)
14:31:20 - 14:31:20 Клиент1: отправлен запрос 'ping'
14:31:21 - 14:31:21 Клиент1: отправлен запрос 'test'
14:31:21 - 14:31:21 Клиент1: выполняется тестирование функций...
14:31:23 - 14:31:23 Клиент1: тестирование функций завершена (задержка 1.37сек)
14:31:23 - 14:31:23 Клиент1: выполняется тест метода original...
14:31:25 - 14:31:25 Клиент1: тест метода original завершена (задержка 2.11сек)
14:31:25 - 14:31:25 Клиент1: выполняется тест метода sequential...
14:31:27 - 14:31:27 Клиент1: тест метода sequential завершена (задержка 2.53сек)
14:31:27 - 14:31:27 Клиент1: выполняется тест метода min_sum...
14:31:30 - 14:31:30 Клиент1: тест метода min_sum завершена (задержка 2.64сек)
14:31:30 - 14:31:30 Клиент1: выполняется тест метода min_x...
14:31:32 - 14:31:32 Клиент1: тест метода min_x завершена (задержка 1.85сек)
14:31:32 - 14:31:32 Клиент1: отправлен запрос 'process'
14:31:32 - 14:31:32 Клиент1: выполняется обработка 4 точек методом original...
14:31:34 - 14:31:34 Клиент1: обработка 4 точек методом original завершена (задержка 1.52сек)
14:31:34 - 14:31:34 Клиент1: отправлен запрос 'process'
14:31:34 - 14:31:34 Клиент1: выполняется обработка 3 точек методом sequential...
14:31:35 - 14:31:35 Клиент1: обработка 3 точек методом sequential завершена (задержка 1.01сек)
14:31:35 - 14:31:35 Клиент1: отправлен запрос 'exit'
14:31:35 - 14:31:35 Клиент1: отключился
14:31:35 - 14:31:35 Клиент2: подключился с адреса ('127.0.0.1', 50963)
14:31:35 - 14:31:35 Клиент2: отправлен запрос 'ping'
14:31:35 - 14:31:35 Клиент2: ошибка: [WinError 10053] Программа на вашем хост-компьютере разорвала установленное подключение
14:31:35 - 14:31:35 Клиент2: отключился
14:31:35 - 14:31:35 Клиент3: подключился с адреса ('127.0.0.1', 50964)
14:31:35 - 14:31:35 Клиент3: отправлен запрос 'ping'
14:31:35 - 14:31:35 Клиент3: ошибка: [WinError 10053] Программа на вашем хост-компьютере разорвала установленное подключение
14:31:35 - 14:31:35 Клиент3: отключился
14:33:31 - 14:33:31 Сервер запущен на localhost:9090
14:33:31 - 14:33:31 Сервер работает в одном потоке
14:33:31 - 14:33:31 Ожидание подключений клиентов...
14:34:04 - 14:34:04 Сервер запущен на localhost:9090
14:34:04 - 14:34:04 Сервер работает в одном потоке
14:34:04 - 14:34:04 Ожидание подключений клиентов...
14:34:36 - 14:34:36 Сервер запущен на localhost:9090
14:34:36 - 14:34:36 Сервер работает в одном потоке
14:34:36 - 14:34:36 Ожидание подключений клиентов...
14:34:58 - 14:34:58 Клиент1: подключился с адреса ('127.0.0.1', 50997)
14:34:58 - 14:34:58 Клиент1: отправлен запрос 'ping'
14:34:59 - 14:34:59 Клиент1: отправлен запрос 'test'
14:34:59 - 14:34:59 Клиент1: выполняется тестирование функций...
14:35:01 - 14:35:01 Клиент1: тестирование функций завершена (задержка 2.03сек)
14:35:01 - 14:35:01 Клиент1: выполняется тест метода original...
14:35:03 - 14:35:03 Клиент1: тест метода original завершена (задержка 2.14сек)
14:35:03 - 14:35:03 Клиент1: выполняется тест метода sequential...
14:35:06 - 14:35:06 Клиент1: тест метода sequential завершена (задержка 2.81сек)
14:35:06 - 14:35:06 Клиент1: выполняется тест метода min_sum...
14:35:07 - 14:35:07 Клиент1: тест метода min_sum завершена (задержка 1.01сек)
14:35:07 - 14:35:07 Клиент1: выполняется тест метода min_x...
14:35:08 - 14:35:08 Клиент1: тест метода min_x завершена (задержка 1.33сек)
14:35:10 - 14:35:10 Клиент1: отправлен запрос 'process'
14:35:10 - 14:35:10 Клиент1: выполняется обработка 4 точек методом original...
14:35:12 - 14:35:12 Клиент1: обработка 4 точек методом original завершена (задержка 1.95сек)
14:35:13 - 14:35:13 Клиент1: отправлен запрос 'process'
14:35:13 - 14:35:13 Клиент1: выполняется обработка 3 точек методом sequential...
14:35:15 - 14:35:15 Клиент1: обработка 3 точек методом sequential завершена (задержка 2.00сек)
14:35:15 - 14:35:15 Клиент1: отправлен запрос 'exit'
14:35:15 - 14:35:15 Клиент1: отключился
14:35:15 - 14:35:15 Клиент2: подключился с адреса ('127.0.0.1', 50998)
14:35:15 - 14:35:15 Клиент2: отправлен запрос 'ping'
14:35:15 - 14:35:15 Клиент2: ошибка: [WinError 10053] Программа на вашем хост-компьютере разорвала установленное подключение
14:35:15 - 14:35:15 Клиент2: отключился
14:35:15 - 14:35:15 Клиент3: подключился с адреса ('127.0.0.1', 50999)
14:35:15 - 14:35:15 Клиент3: отправлен запрос 'ping'
14:35:15 - 14:35:15 Клиент3: ошибка: [WinError 10053] Программа на вашем хост-компьютере разорвала установленное подключение
14:35:15 - 14:35:15 Клиент3: отключился
